21.08.2020 04:29:35 - INFO : Script started
21.08.2020 04:30:12 - INFO : 
Orion B 
   sell price: 39.49 € 
   target price: 55.58 € 
---------------------------------
21.08.2020 04:30:12 - INFO : 
Konecranes 
   sell price: 22.6 € 
   target price: 30.33 € 
---------------------------------
21.08.2020 04:30:12 - INFO : 
Nordea Bank 
   sell price: 6.547 € 
   target price: 10.22 € 
---------------------------------
21.08.2020 04:30:12 - INFO : 
Outokumpu 
   sell price: 2.142 € 
   target price: 3.315 € 
---------------------------------
21.08.2020 04:30:12 - INFO : 
Sampo A 
   sell price: 33.31 € 
   target price: 38.955 € 
---------------------------------
22.08.2020 11:57:14 - INFO : Script started
22.08.2020 11:57:56 - INFO : 
Orion B 
   sell price: 39.62 € 
   target price: 55.58 € 
---------------------------------
22.08.2020 11:57:56 - INFO : 
Konecranes 
   sell price: 22.6 € 
   target price: 30.33 € 
---------------------------------
22.08.2020 11:57:56 - INFO : 
Nordea Bank 
   sell price: 6.593 € 
   target price: 10.22 € 
---------------------------------
22.08.2020 11:57:56 - INFO : 
Outokumpu 
   sell price: 2.148 € 
   target price: 3.315 € 
---------------------------------
22.08.2020 11:57:56 - INFO : 
Sampo A 
   sell price: 33.28 € 
   target price: 38.955 € 
---------------------------------
22.08.2020 01:37:02 - INFO : Script started
22.08.2020 01:37:44 - INFO : 
Orion B 
   sell price: 39.62 € 
   target price: 55.58 € 
---------------------------------
22.08.2020 01:37:44 - INFO : 
Konecranes 
   sell price: 22.6 € 
   target price: 30.33 € 
---------------------------------
22.08.2020 01:37:44 - INFO : 
Nordea Bank 
   sell price: 6.593 € 
   target price: 10.22 € 
---------------------------------
22.08.2020 01:37:44 - INFO : 
Outokumpu 
   sell price: 2.148 € 
   target price: 3.315 € 
---------------------------------
22.08.2020 01:37:44 - INFO : 
Sampo A 
   sell price: 33.28 € 
   target price: 38.955 € 
---------------------------------
22.08.2020 09:53:49 - INFO : Script started
22.08.2020 09:54:30 - INFO : 
Orion B 
   sell price: 39.62 € 
   target price: 55.58 € 
---------------------------------
22.08.2020 09:54:30 - INFO : 
Konecranes 
   sell price: 22.6 € 
   target price: 30.33 € 
---------------------------------
22.08.2020 09:54:30 - INFO : 
Nordea Bank 
   sell price: 6.593 € 
   target price: 10.22 € 
---------------------------------
22.08.2020 09:54:30 - INFO : 
Outokumpu 
   sell price: 2.148 € 
   target price: 3.315 € 
---------------------------------
22.08.2020 09:54:30 - INFO : 
Sampo A 
   sell price: 33.28 € 
   target price: 38.955 € 
---------------------------------
23.08.2020 10:07:49 - INFO : Script started
23.08.2020 10:08:30 - INFO : 
Orion B 
   sell price: 39.62 € 
   target price: 55.58 € 
---------------------------------
23.08.2020 10:08:30 - INFO : 
Konecranes 
   sell price: 22.6 € 
   target price: 30.33 € 
---------------------------------
23.08.2020 10:08:30 - INFO : 
Nordea Bank 
   sell price: 6.593 € 
   target price: 10.22 € 
---------------------------------
23.08.2020 10:08:30 - INFO : 
Outokumpu 
   sell price: 2.148 € 
   target price: 3.315 € 
---------------------------------
23.08.2020 10:08:30 - INFO : 
Sampo A 
   sell price: 33.28 € 
   target price: 38.955 € 
---------------------------------
23.08.2020 01:49:12 - INFO : Script started
23.08.2020 01:49:54 - INFO : 
Orion B 
   sell price: 39.62 € 
   target price: 55.58 € 
---------------------------------
23.08.2020 01:49:54 - INFO : 
Konecranes 
   sell price: 22.6 € 
   target price: 30.33 € 
---------------------------------
23.08.2020 01:49:54 - INFO : 
Nordea Bank 
   sell price: 6.593 € 
   target price: 10.22 € 
---------------------------------
23.08.2020 01:49:54 - INFO : 
Outokumpu 
   sell price: 2.148 € 
   target price: 3.315 € 
---------------------------------
23.08.2020 01:49:54 - INFO : 
Sampo A 
   sell price: 33.28 € 
   target price: 38.955 € 
---------------------------------
23.08.2020 09:12:28 - INFO : Script started
23.08.2020 09:13:08 - INFO : 
Orion B 
   sell price: 39.62 € 
   target price: 55.58 € 
---------------------------------
23.08.2020 09:13:08 - INFO : 
Konecranes 
   sell price: 22.6 € 
   target price: 30.33 € 
---------------------------------
23.08.2020 09:13:08 - INFO : 
Nordea Bank 
   sell price: 6.593 € 
   target price: 10.22 € 
---------------------------------
23.08.2020 09:13:08 - INFO : 
Outokumpu 
   sell price: 2.148 € 
   target price: 3.315 € 
---------------------------------
23.08.2020 09:13:08 - INFO : 
Sampo A 
   sell price: 33.28 € 
   target price: 38.955 € 
---------------------------------
24.08.2020 04:05:59 - INFO : Script started
24.08.2020 04:06:39 - INFO : 
Orion B 
   sell price: 39.96 € 
   target price: 55.58 € 
---------------------------------
24.08.2020 04:06:39 - INFO : 
Konecranes 
   sell price: 23.2 € 
   target price: 30.33 € 
---------------------------------
24.08.2020 04:06:39 - INFO : 
Nordea Bank 
   sell price: 6.646 € 
   target price: 10.22 € 
---------------------------------
24.08.2020 04:06:39 - INFO : 
Outokumpu 
   sell price: 2.178 € 
   target price: 3.315 € 
---------------------------------
24.08.2020 04:06:39 - INFO : 
Sampo A 
   sell price: 33.57 € 
   target price: 38.955 € 
---------------------------------
24.08.2020 09:12:14 - INFO : Script started
24.08.2020 09:12:55 - INFO : 
Orion B 
   sell price: 39.67 € 
   target price: 55.58 € 
---------------------------------
24.08.2020 09:12:55 - INFO : 
Konecranes 
   sell price: 23.26 € 
   target price: 30.33 € 
---------------------------------
24.08.2020 09:12:55 - INFO : 
Nordea Bank 
   sell price: 6.722 € 
   target price: 10.22 € 
---------------------------------
24.08.2020 09:12:55 - INFO : 
Outokumpu 
   sell price: 2.183 € 
   target price: 3.315 € 
---------------------------------
24.08.2020 09:12:55 - INFO : 
Sampo A 
   sell price: 33.54 € 
   target price: 38.955 € 
---------------------------------
25.08.2020 04:05:27 - INFO : Script started
25.08.2020 04:06:11 - INFO : 
Orion B 
   sell price: 39.45 € 
   target price: 55.58 € 
---------------------------------
25.08.2020 04:06:11 - INFO : 
Konecranes 
   sell price: 23.26 € 
   target price: 30.33 € 
---------------------------------
25.08.2020 04:06:11 - INFO : 
Nordea Bank 
   sell price: 6.874 € 
   target price: 10.22 € 
---------------------------------
25.08.2020 04:06:11 - INFO : 
Outokumpu 
   sell price: 2.222 € 
   target price: 3.315 € 
---------------------------------
25.08.2020 04:06:11 - INFO : 
Sampo A 
   sell price: 34.27 € 
   target price: 38.955 € 
---------------------------------
25.08.2020 06:38:32 - INFO : Script started
25.08.2020 06:39:13 - INFO : 
Orion B 
   sell price: 39.54 € 
   target price: 55.58 € 
---------------------------------
25.08.2020 06:39:13 - INFO : 
Konecranes 
   sell price: 23.18 € 
   target price: 30.33 € 
---------------------------------
25.08.2020 06:39:13 - INFO : 
Nordea Bank 
   sell price: 6.778 € 
   target price: 10.22 € 
---------------------------------
25.08.2020 06:39:13 - INFO : 
Outokumpu 
   sell price: 2.219 € 
   target price: 3.315 € 
---------------------------------
25.08.2020 06:39:13 - INFO : 
Sampo A 
   sell price: 33.81 € 
   target price: 38.955 € 
---------------------------------
26.08.2020 04:12:44 - INFO : Script started
26.08.2020 04:13:22 - INFO : 
Orion B 
   sell price: 39.89 € 
   target price: 55.58 € 
---------------------------------
26.08.2020 04:13:22 - INFO : 
Konecranes 
   sell price: 23.82 € 
   target price: 30.33 € 
---------------------------------
26.08.2020 04:13:22 - INFO : 
Nordea Bank 
   sell price: 6.803 € 
   target price: 10.22 € 
---------------------------------
26.08.2020 04:13:22 - INFO : 
Outokumpu 
   sell price: 2.229 € 
   target price: 3.315 € 
---------------------------------
26.08.2020 04:13:22 - INFO : 
Sampo A 
   sell price: 34.13 € 
   target price: 38.955 € 
---------------------------------
26.08.2020 08:44:29 - INFO : Script started
26.08.2020 08:45:10 - INFO : 
Orion B 
   sell price: 39.76 € 
   target price: 55.58 € 
---------------------------------
26.08.2020 08:45:10 - INFO : 
Konecranes 
   sell price: 23.84 € 
   target price: 30.33 € 
---------------------------------
26.08.2020 08:45:10 - INFO : 
Nordea Bank 
   sell price: 6.83 € 
   target price: 10.22 € 
---------------------------------
26.08.2020 08:45:10 - INFO : 
Outokumpu 
   sell price: 2.238 € 
   target price: 3.315 € 
---------------------------------
26.08.2020 08:45:10 - INFO : 
Sampo A 
   sell price: 34.22 € 
   target price: 38.955 € 
---------------------------------
27.08.2020 07:07:47 - INFO : Script started
27.08.2020 07:08:30 - INFO : 
Orion B 
   sell price: 39.56 € 
   target price: 55.58 € 
---------------------------------
27.08.2020 07:08:30 - INFO : 
Konecranes 
   sell price: 23.92 € 
   target price: 30.33 € 
---------------------------------
27.08.2020 07:08:30 - INFO : 
Nordea Bank 
   sell price: 6.77 € 
   target price: 10.22 € 
---------------------------------
27.08.2020 07:08:30 - INFO : 
Outokumpu 
   sell price: 2.243 € 
   target price: 3.315 € 
---------------------------------
27.08.2020 07:08:30 - INFO : 
Sampo A 
   sell price: 34.08 € 
   target price: 38.955 € 
---------------------------------
